Arguments: 
  /home/pheep/n/bin/node /usr/share/yarn/bin/yarn.js

PATH: 
  /usr/local/sbin:/usr/local/bin:/usr/sbin:/usr/bin:/sbin:/bin:/usr/games:/usr/local/games:/mnt/c/ProgramData/scoop/shims:/mnt/c/Windows/System32:/mnt/c/Windows:/mnt/c/Windows/System32/wbem:/mnt/c/Windows/System32/WindowsPowerShell/v1.0:/mnt/c/ProgramData/chocolatey/bin:/mnt/c/Program Files/Git/cmd:/mnt/c/Windows/System32/OpenSSH:/mnt/c/Program Files/Microsoft VS Code/bin:/mnt/c/Users/Philippe Moore/scoop/shims:/mnt/c/Program Files/Microsoft VS Code/bin:/mnt/c/Users/Philippe Moore/AppData/Local/hyper/app-2.0.0/resources/bin:/snap/bin:/home/pheep/n/bin

Yarn version: 
  1.9.4

Node version: 
  8.11.3

Platform: 
  linux x64

Trace: 
  Error: ENOENT: no such file or directory, lstat '/mnt/c/Users/Philippe Moore/C:\Users\Philippe Moore\scoop\apps\yarn\current\cache/v2/npm-core-js-2.5.7-f972608ff0cead68b841a16a932d0b183791814e/fn/string/fontsize.js'

npm manifest: 
  {
    "name": "pheep-devs-blog",
    "version": "1.0.0",
    "description": "Where Pheep documents his dev processes, environments, and opinions",
    "main": "Readme.md",
    "repository": "git@github.com:PhEEP/pheep-me-blog.git",
    "author": "PhEEP <philippealmoore@gmail.com>",
    "license": "MIT",
    "private": false,
    "scripts": {
      "docs:build": "vuepress build docs",
      "docs:dev": "vuepress dev docs"
    },
    "dependencies": {
      "vuepress": "0.14.2"
    }
  }

yarn manifest: 
  No manifest

Lockfile: 
  No lockfile
